# Logfile created on Fri Aug 27 17:09:25 -0700 2010 by logger.rb/22285
D, [2010-08-27T17:09:25.123289 #1424] DEBUG -- :  starting up...
D, [2010-08-27T17:09:49.355966 #1438] DEBUG -- :  starting up...
D, [2010-08-27T17:11:11.093265 #1501] DEBUG -- :  starting up...
D, [2010-08-27T17:12:29.928925 #1529] DEBUG -- :  starting up...
D, [2010-08-27T17:12:46.293650 #1561] DEBUG -- :  starting up...
D, [2010-08-27T17:13:02.836492 #1574] DEBUG -- :  starting up...
D, [2010-08-27T17:13:52.209194 #1602] DEBUG -- :  starting up...
D, [2010-08-27T17:14:16.501716 #1615] DEBUG -- :  starting up...
D, [2010-08-27T17:15:31.024720 #1652] DEBUG -- :  starting up...
D, [2010-08-27T17:17:30.901645 #1676] DEBUG -- :  starting up...
I, [2010-08-27T17:18:36.868045 #1676]  INFO -- : Connection from someone...
D, [2010-08-27T17:18:36.868526 #1676] DEBUG -- : -- someone connected to regearmand!
D, [2010-08-27T17:18:36.868893 #1676] DEBUG -- : receive <<< "\000REQ\000\000\000\a\000\000\0002reverse\000B8DED701-2B4A-452C-9C7E-E60C8CE0B3E2\000hello"
D, [2010-08-27T17:18:36.869219 #1676] DEBUG -- : length <<< 62
D, [2010-08-27T17:18:36.869632 #1676] DEBUG -- : Type: REQ
D, [2010-08-27T17:18:36.869912 #1676] DEBUG -- : Cmd: submit_job
D, [2010-08-27T17:18:36.870198 #1676] DEBUG -- : Datalen: 50
D, [2010-08-27T17:18:36.870475 #1676] DEBUG -- : Data: reverseB8DED701-2B4A-452C-9C7E-E60C8CE0B3E2hello
D, [2010-08-27T17:18:36.871037 #1676] DEBUG -- : Timestamp: 0 -> 0
D, [2010-08-27T17:18:36.872679 #1676] DEBUG -- : response >>> "\000RES\000\000\000\b\000\000\000\fH:foo.narf:1"
I, [2010-08-27T17:19:34.117273 #1676]  INFO -- : Connection from someone...
D, [2010-08-27T17:19:34.117678 #1676] DEBUG -- : -- someone connected to regearmand!
D, [2010-08-27T17:19:34.118062 #1676] DEBUG -- : receive <<< "\000REQ\000\000\000\001\000\000\000\areverse\000REQ\000\000\000\t\000\000\000\000"
D, [2010-08-27T17:19:34.118400 #1676] DEBUG -- : length <<< 31
D, [2010-08-27T17:19:34.118843 #1676] DEBUG -- : Type: REQ
D, [2010-08-27T17:19:34.119109 #1676] DEBUG -- : Cmd: can_do
D, [2010-08-27T17:19:34.119360 #1676] DEBUG -- : Datalen: 7
D, [2010-08-27T17:19:34.119664 #1676] DEBUG -- : Data: reverse
D, [2010-08-27T17:19:34.120029 #1676] DEBUG -- : Workers
D, [2010-08-27T17:19:34.120389 #1676] DEBUG -- : -------
D, [2010-08-27T17:19:34.122638 #1676] DEBUG -- : {"reverse"=>[#<#<Class:0x10378da08>:0x10360a230 @currentjob=nil, @capabilities=["reverse"], @logger=#<Logger:0x103609fb0 @logdev=#<Logger::LogDevice:0x103609f10 @dev=#<File:rgearmand.log>, @shift_size=1048576, @filename="rgearmand.log", @mutex=#<Logger::LogDevice::LogDeviceMutex:0x103609ec0 @mon_entering_queue=[], @mon_count=0, @mon_owner=nil, @mon_waiting_queue=[]>, @shift_age=9>, @formatter=nil, @progname=nil, @default_formatter=#<Logger::Formatter:0x103609f60 @datetime_format=nil>, @level=0>, @signature=4>]}
D, [2010-08-27T17:19:34.123136 #1676] DEBUG -- : Type: REQ
D, [2010-08-27T17:19:34.123470 #1676] DEBUG -- : Cmd: grab_job
D, [2010-08-27T17:19:34.123787 #1676] DEBUG -- : Datalen: 0
D, [2010-08-27T17:19:34.124098 #1676] DEBUG -- : Data: 
D, [2010-08-27T17:19:34.124665 #1676] DEBUG -- : {:job_handle=>"H:foo.narf:1", :uniq=>"B8DED701-2B4A-452C-9C7E-E60C8CE0B3E2", :timestamp=>0, :data=>"hello"}
D, [2010-08-27T17:19:34.125066 #1676] DEBUG -- : Found job: {:job_handle=>"H:foo.narf:1", :uniq=>"B8DED701-2B4A-452C-9C7E-E60C8CE0B3E2", :timestamp=>0, :data=>"hello"}
D, [2010-08-27T17:19:34.125518 #1676] DEBUG -- : response >>> "\000RES\000\000\000\v\000\000\000\032H:foo.narf:1\000reverse\000hello"
D, [2010-08-27T17:19:34.126462 #1676] DEBUG -- : receive <<< "\000REQ\000\000\000\r\000\000\000\022H:foo.narf:1\000olleh\000REQ\000\000\000\t\000\000\000\000"
D, [2010-08-27T17:19:34.126899 #1676] DEBUG -- : length <<< 42
D, [2010-08-27T17:19:34.127452 #1676] DEBUG -- : Type: REQ
D, [2010-08-27T17:19:34.127784 #1676] DEBUG -- : Cmd: work_complete
D, [2010-08-27T17:19:34.128028 #1676] DEBUG -- : Datalen: 18
D, [2010-08-27T17:19:34.128317 #1676] DEBUG -- : Data: H:foo.narf:1olleh
D, [2010-08-27T17:19:34.158943 #1676] DEBUG -- : -- someone disconnected from regearmand!
D, [2010-08-27T17:19:34.159369 #1676] DEBUG -- : -- someone disconnected from regearmand!
D, [2010-08-27T17:22:11.313288 #1999] DEBUG -- :  starting up...
D, [2010-08-27T17:22:11.330068 #1999] DEBUG -- : Found key: -B8DED701-2B4A-452C-9C7E-E60C8CE0B3E2
D, [2010-08-27T17:22:11.331334 #1999] DEBUG -- : Found data: {"func_name":"reverse","uniq":"B8DED701-2B4A-452C-9C7E-E60C8CE0B3E2","timestamp":0,"data":"hello"}
D, [2010-08-27T17:22:11.331892 #1999] DEBUG -- : Job: datahellotimestamp0uniqB8DED701-2B4A-452C-9C7E-E60C8CE0B3E2func_namereverse
D, [2010-08-27T17:24:27.676762 #2031] DEBUG -- :  starting up...
D, [2010-08-27T17:24:27.691911 #2031] DEBUG -- : Found key: -B8DED701-2B4A-452C-9C7E-E60C8CE0B3E2
D, [2010-08-27T17:24:27.693458 #2031] DEBUG -- : Found data: {"func_name":"reverse","uniq":"B8DED701-2B4A-452C-9C7E-E60C8CE0B3E2","timestamp":0,"data":"hello"}
D, [2010-08-27T17:24:27.694071 #2031] DEBUG -- : Job: datahellotimestamp0uniqB8DED701-2B4A-452C-9C7E-E60C8CE0B3E2func_namereverse
D, [2010-08-27T17:25:20.301151 #2058] DEBUG -- :  starting up...
D, [2010-08-27T17:25:20.317087 #2058] DEBUG -- : Found key: -B8DED701-2B4A-452C-9C7E-E60C8CE0B3E2
D, [2010-08-27T17:25:20.318565 #2058] DEBUG -- : Found data: {"func_name":"reverse","uniq":"B8DED701-2B4A-452C-9C7E-E60C8CE0B3E2","timestamp":0,"data":"hello"}
D, [2010-08-27T17:25:20.319462 #2058] DEBUG -- : Job: datahellotimestamp0uniqB8DED701-2B4A-452C-9C7E-E60C8CE0B3E2func_namereverse
D, [2010-08-27T17:26:50.693120 #2097] DEBUG -- :  starting up...
D, [2010-08-27T17:26:50.711147 #2097] DEBUG -- : Found key: -B8DED701-2B4A-452C-9C7E-E60C8CE0B3E2
D, [2010-08-27T17:26:50.712339 #2097] DEBUG -- : Found data: {"func_name":"reverse","uniq":"B8DED701-2B4A-452C-9C7E-E60C8CE0B3E2","timestamp":0,"data":"hello"}
D, [2010-08-27T17:26:50.712873 #2097] DEBUG -- : Job: datahellotimestamp0uniqB8DED701-2B4A-452C-9C7E-E60C8CE0B3E2func_namereverse
D, [2010-08-27T17:27:07.907883 #2114] DEBUG -- :  starting up...
D, [2010-08-27T17:34:23.240539 #2346] DEBUG -- :  starting up...
I, [2010-08-27T17:34:23.253474 #2346]  INFO -- : Connection from someone...
D, [2010-08-27T17:34:23.256970 #2346] DEBUG -- : Found key: -B8DED701-2B4A-452C-9C7E-E60C8CE0B3E2
D, [2010-08-27T17:34:23.258192 #2346] DEBUG -- : Found data: {"func_name":"reverse","uniq":"B8DED701-2B4A-452C-9C7E-E60C8CE0B3E2","timestamp":0,"data":"hello"}
D, [2010-08-27T17:34:23.258747 #2346] DEBUG -- : Job: datahellotimestamp0uniqB8DED701-2B4A-452C-9C7E-E60C8CE0B3E2func_namereverse
D, [2010-08-27T17:34:23.259451 #2346] DEBUG -- : Timestamp: 0 -> 0
D, [2010-08-27T17:34:23.259919 #2346] DEBUG -- : Enqueued with handle H:foo.narf:1
D, [2010-08-27T17:36:01.360022 #2530] DEBUG -- :  starting up...
I, [2010-08-27T17:36:01.375780 #2530]  INFO -- : Connection from someone...
D, [2010-08-27T17:36:01.380469 #2530] DEBUG -- : Found key: -B8DED701-2B4A-452C-9C7E-E60C8CE0B3E2
D, [2010-08-27T17:36:01.381603 #2530] DEBUG -- : Found data: {"func_name":"reverse","uniq":"B8DED701-2B4A-452C-9C7E-E60C8CE0B3E2","timestamp":0,"data":"hello"}
D, [2010-08-27T17:36:01.382037 #2530] DEBUG -- : Job: datahellotimestamp0uniqB8DED701-2B4A-452C-9C7E-E60C8CE0B3E2func_namereverse
D, [2010-08-27T17:36:01.382582 #2530] DEBUG -- : Timestamp: 0 -> 0
D, [2010-08-27T17:36:01.382991 #2530] DEBUG -- : Enqueued with handle H:foo.narf:1
D, [2010-08-27T18:54:32.039208 #3361] DEBUG -- :  starting up...
I, [2010-08-27T18:54:32.039756 #3361]  INFO -- : Connection from someone...
D, [2010-08-27T18:54:32.043048 #3361] DEBUG -- : Found key: -B8DED701-2B4A-452C-9C7E-E60C8CE0B3E2
D, [2010-08-27T18:54:32.043843 #3361] DEBUG -- : Found data: {"func_name":"reverse","uniq":"B8DED701-2B4A-452C-9C7E-E60C8CE0B3E2","timestamp":0,"data":"hello"}
D, [2010-08-27T18:54:32.044226 #3361] DEBUG -- : Job: datahellotimestamp0uniqB8DED701-2B4A-452C-9C7E-E60C8CE0B3E2func_namereverse
D, [2010-08-27T18:54:32.044908 #3361] DEBUG -- : Timestamp: 0 -> 0
D, [2010-08-27T18:54:32.045425 #3361] DEBUG -- : Enqueued with handle H:foo.narf:1
I, [2010-08-27T18:54:34.925158 #3361]  INFO -- : Connection from someone...
D, [2010-08-27T18:54:34.925679 #3361] DEBUG -- : -- someone connected to regearmand!
D, [2010-08-27T18:54:34.926184 #3361] DEBUG -- : receive <<< "\000REQ\000\000\000\001\000\000\000\areverse\000REQ\000\000\000\t\000\000\000\000"
D, [2010-08-27T18:54:34.926506 #3361] DEBUG -- : length <<< 31
D, [2010-08-27T18:54:34.926940 #3361] DEBUG -- : Type: REQ
D, [2010-08-27T18:54:34.927258 #3361] DEBUG -- : Cmd: can_do
D, [2010-08-27T18:54:34.927607 #3361] DEBUG -- : Datalen: 7
D, [2010-08-27T18:54:34.927941 #3361] DEBUG -- : Data: reverse
D, [2010-08-27T18:54:34.928324 #3361] DEBUG -- : Workers
D, [2010-08-27T18:54:34.928693 #3361] DEBUG -- : -------
D, [2010-08-27T18:54:34.930604 #3361] DEBUG -- : {"reverse"=>[#<#<Class:0x103bc95e0>:0x103bc9450 @capabilities=["reverse"], @currentjob=nil, @logger=#<Logger:0x103bc9338 @formatter=nil, @progname=nil, @default_formatter=#<Logger::Formatter:0x103bc92e8 @datetime_format=nil>, @logdev=#<Logger::LogDevice:0x103bc9298 @filename="rgearmand.log", @shift_size=1048576, @mutex=#<Logger::LogDevice::LogDeviceMutex:0x103bc9248 @mon_waiting_queue=[], @mon_entering_queue=[], @mon_count=0, @mon_owner=nil>, @shift_age=9, @dev=#<File:rgearmand.log>>, @level=0>, @signature=3>]}
D, [2010-08-27T18:54:34.931020 #3361] DEBUG -- : Type: REQ
D, [2010-08-27T18:54:34.931331 #3361] DEBUG -- : Cmd: grab_job
D, [2010-08-27T18:54:34.931629 #3361] DEBUG -- : Datalen: 0
D, [2010-08-27T18:54:34.931947 #3361] DEBUG -- : Data: 
D, [2010-08-27T18:54:34.932494 #3361] DEBUG -- : {:timestamp=>0, :data=>"hello", :uniq=>"B8DED701", :job_handle=>"H:foo.narf:1"}
D, [2010-08-27T18:54:34.932915 #3361] DEBUG -- : Found job: {:timestamp=>0, :data=>"hello", :uniq=>"B8DED701", :job_handle=>"H:foo.narf:1"}
D, [2010-08-27T18:54:34.933238 #3361] DEBUG -- : Adding to run queue...
D, [2010-08-27T18:54:34.933690 #3361] DEBUG -- : response >>> "\000RES\000\000\000\v\000\000\000\032H:foo.narf:1\000reverse\000hello"
D, [2010-08-27T18:54:34.934481 #3361] DEBUG -- : receive <<< "\000REQ\000\000\000\r\000\000\000\022H:foo.narf:1\000olleh\000REQ\000\000\000\t\000\000\000\000"
D, [2010-08-27T18:54:34.934743 #3361] DEBUG -- : length <<< 42
D, [2010-08-27T18:54:34.935151 #3361] DEBUG -- : Type: REQ
D, [2010-08-27T18:54:34.935398 #3361] DEBUG -- : Cmd: work_complete
D, [2010-08-27T18:54:34.935680 #3361] DEBUG -- : Datalen: 18
D, [2010-08-27T18:54:34.935962 #3361] DEBUG -- : Data: H:foo.narf:1olleh
D, [2010-08-27T18:54:34.937475 #3361] DEBUG -- : Checking for -B8DED701 in persistent queue
D, [2010-08-27T18:54:34.938289 #3361] DEBUG -- : Type: REQ
D, [2010-08-27T18:54:34.938542 #3361] DEBUG -- : Cmd: grab_job
D, [2010-08-27T18:54:34.938839 #3361] DEBUG -- : Datalen: 0
D, [2010-08-27T18:54:34.939121 #3361] DEBUG -- : Data: 
D, [2010-08-27T18:54:34.939493 #3361] DEBUG -- : No job!
D, [2010-08-27T18:54:34.939894 #3361] DEBUG -- : response >>> "\000RES\000\000\000\n\000\000\000\000"
D, [2010-08-27T18:54:34.940423 #3361] DEBUG -- : receive <<< "\000REQ\000\000\000\004\000\000\000\000"
D, [2010-08-27T18:54:34.940685 #3361] DEBUG -- : length <<< 12
D, [2010-08-27T18:54:34.941078 #3361] DEBUG -- : Type: REQ
D, [2010-08-27T18:54:34.941348 #3361] DEBUG -- : Cmd: pre_sleep
D, [2010-08-27T18:54:34.941648 #3361] DEBUG -- : Datalen: 0
D, [2010-08-27T18:54:34.941943 #3361] DEBUG -- : Data: 
D, [2010-08-27T18:54:44.945640 #3361] DEBUG -- : receive <<< "\000REQ\000\000\000\t\000\000\000\000"
D, [2010-08-27T18:54:44.946545 #3361] DEBUG -- : length <<< 12
D, [2010-08-27T18:54:44.946959 #3361] DEBUG -- : Type: REQ
D, [2010-08-27T18:54:44.947758 #3361] DEBUG -- : Cmd: grab_job
D, [2010-08-27T18:54:44.948096 #3361] DEBUG -- : Datalen: 0
D, [2010-08-27T18:54:44.948407 #3361] DEBUG -- : Data: 
D, [2010-08-27T18:54:44.948891 #3361] DEBUG -- : No job!
D, [2010-08-27T18:54:44.949281 #3361] DEBUG -- : response >>> "\000RES\000\000\000\n\000\000\000\000"
D, [2010-08-27T18:54:44.949759 #3361] DEBUG -- : receive <<< "\000REQ\000\000\000\004\000\000\000\000"
D, [2010-08-27T18:54:44.950000 #3361] DEBUG -- : length <<< 12
D, [2010-08-27T18:54:44.950378 #3361] DEBUG -- : Type: REQ
D, [2010-08-27T18:54:44.950658 #3361] DEBUG -- : Cmd: pre_sleep
D, [2010-08-27T18:54:44.950929 #3361] DEBUG -- : Datalen: 0
D, [2010-08-27T18:54:44.951282 #3361] DEBUG -- : Data: 
D, [2010-08-27T18:54:54.954939 #3361] DEBUG -- : receive <<< "\000REQ\000\000\000\t\000\000\000\000"
D, [2010-08-27T18:54:54.955299 #3361] DEBUG -- : length <<< 12
D, [2010-08-27T18:54:54.955698 #3361] DEBUG -- : Type: REQ
D, [2010-08-27T18:54:54.956030 #3361] DEBUG -- : Cmd: grab_job
D, [2010-08-27T18:54:54.956387 #3361] DEBUG -- : Datalen: 0
D, [2010-08-27T18:54:54.956677 #3361] DEBUG -- : Data: 
D, [2010-08-27T18:54:54.957112 #3361] DEBUG -- : No job!
D, [2010-08-27T18:54:54.957506 #3361] DEBUG -- : response >>> "\000RES\000\000\000\n\000\000\000\000"
D, [2010-08-27T18:54:54.958012 #3361] DEBUG -- : receive <<< "\000REQ\000\000\000\004\000\000\000\000"
D, [2010-08-27T18:54:54.958280 #3361] DEBUG -- : length <<< 12
D, [2010-08-27T18:54:54.958602 #3361] DEBUG -- : Type: REQ
D, [2010-08-27T18:54:54.958849 #3361] DEBUG -- : Cmd: pre_sleep
D, [2010-08-27T18:54:54.959097 #3361] DEBUG -- : Datalen: 0
D, [2010-08-27T18:54:54.959346 #3361] DEBUG -- : Data: 
D, [2010-08-27T18:55:04.963212 #3361] DEBUG -- : receive <<< "\000REQ\000\000\000\t\000\000\000\000"
D, [2010-08-27T18:55:04.963685 #3361] DEBUG -- : length <<< 12
D, [2010-08-27T18:55:04.964106 #3361] DEBUG -- : Type: REQ
D, [2010-08-27T18:55:04.964426 #3361] DEBUG -- : Cmd: grab_job
D, [2010-08-27T18:55:04.964743 #3361] DEBUG -- : Datalen: 0
D, [2010-08-27T18:55:04.965054 #3361] DEBUG -- : Data: 
D, [2010-08-27T18:55:04.965500 #3361] DEBUG -- : No job!
D, [2010-08-27T18:55:04.965904 #3361] DEBUG -- : response >>> "\000RES\000\000\000\n\000\000\000\000"
D, [2010-08-27T18:55:04.966483 #3361] DEBUG -- : receive <<< "\000REQ\000\000\000\004\000\000\000\000"
D, [2010-08-27T18:55:04.966966 #3361] DEBUG -- : length <<< 12
D, [2010-08-27T18:55:04.967463 #3361] DEBUG -- : Type: REQ
D, [2010-08-27T18:55:04.967788 #3361] DEBUG -- : Cmd: pre_sleep
D, [2010-08-27T18:55:04.968095 #3361] DEBUG -- : Datalen: 0
D, [2010-08-27T18:55:04.968381 #3361] DEBUG -- : Data: 
D, [2010-08-27T18:55:14.971624 #3361] DEBUG -- : receive <<< "\000REQ\000\000\000\t\000\000\000\000"
D, [2010-08-27T18:55:14.972092 #3361] DEBUG -- : length <<< 12
D, [2010-08-27T18:55:14.972644 #3361] DEBUG -- : Type: REQ
D, [2010-08-27T18:55:14.973175 #3361] DEBUG -- : Cmd: grab_job
D, [2010-08-27T18:55:14.973509 #3361] DEBUG -- : Datalen: 0
D, [2010-08-27T18:55:14.974384 #3361] DEBUG -- : Data: 
D, [2010-08-27T18:55:14.974900 #3361] DEBUG -- : No job!
D, [2010-08-27T18:55:14.975249 #3361] DEBUG -- : response >>> "\000RES\000\000\000\n\000\000\000\000"
D, [2010-08-27T18:55:14.975717 #3361] DEBUG -- : receive <<< "\000REQ\000\000\000\004\000\000\000\000"
D, [2010-08-27T18:55:14.975956 #3361] DEBUG -- : length <<< 12
D, [2010-08-27T18:55:14.976381 #3361] DEBUG -- : Type: REQ
D, [2010-08-27T18:55:14.976720 #3361] DEBUG -- : Cmd: pre_sleep
D, [2010-08-27T18:55:14.977038 #3361] DEBUG -- : Datalen: 0
D, [2010-08-27T18:55:14.977352 #3361] DEBUG -- : Data: 
D, [2010-08-27T18:55:24.980879 #3361] DEBUG -- : receive <<< "\000REQ\000\000\000\t\000\000\000\000"
D, [2010-08-27T18:55:24.981266 #3361] DEBUG -- : length <<< 12
D, [2010-08-27T18:55:24.981744 #3361] DEBUG -- : Type: REQ
D, [2010-08-27T18:55:24.982060 #3361] DEBUG -- : Cmd: grab_job
D, [2010-08-27T18:55:24.982371 #3361] DEBUG -- : Datalen: 0
D, [2010-08-27T18:55:24.982692 #3361] DEBUG -- : Data: 
D, [2010-08-27T18:55:24.983131 #3361] DEBUG -- : No job!
D, [2010-08-27T18:55:24.983539 #3361] DEBUG -- : response >>> "\000RES\000\000\000\n\000\000\000\000"
D, [2010-08-27T18:55:24.984039 #3361] DEBUG -- : receive <<< "\000REQ\000\000\000\004\000\000\000\000"
D, [2010-08-27T18:55:24.984294 #3361] DEBUG -- : length <<< 12
D, [2010-08-27T18:55:24.984615 #3361] DEBUG -- : Type: REQ
D, [2010-08-27T18:55:24.984880 #3361] DEBUG -- : Cmd: pre_sleep
D, [2010-08-27T18:55:24.985188 #3361] DEBUG -- : Datalen: 0
D, [2010-08-27T18:55:24.985500 #3361] DEBUG -- : Data: 
D, [2010-08-27T18:55:34.989159 #3361] DEBUG -- : receive <<< "\000REQ\000\000\000\t\000\000\000\000"
D, [2010-08-27T18:55:34.989595 #3361] DEBUG -- : length <<< 12
D, [2010-08-27T18:55:34.990043 #3361] DEBUG -- : Type: REQ
D, [2010-08-27T18:55:34.990405 #3361] DEBUG -- : Cmd: grab_job
D, [2010-08-27T18:55:34.990720 #3361] DEBUG -- : Datalen: 0
D, [2010-08-27T18:55:34.991044 #3361] DEBUG -- : Data: 
D, [2010-08-27T18:55:34.991487 #3361] DEBUG -- : No job!
D, [2010-08-27T18:55:34.991912 #3361] DEBUG -- : response >>> "\000RES\000\000\000\n\000\000\000\000"
D, [2010-08-27T18:55:34.992525 #3361] DEBUG -- : receive <<< "\000REQ\000\000\000\004\000\000\000\000"
D, [2010-08-27T18:55:34.992865 #3361] DEBUG -- : length <<< 12
D, [2010-08-27T18:55:34.993274 #3361] DEBUG -- : Type: REQ
D, [2010-08-27T18:55:34.993569 #3361] DEBUG -- : Cmd: pre_sleep
D, [2010-08-27T18:55:34.993867 #3361] DEBUG -- : Datalen: 0
D, [2010-08-27T18:55:34.994187 #3361] DEBUG -- : Data: 
D, [2010-08-27T18:55:44.997672 #3361] DEBUG -- : receive <<< "\000REQ\000\000\000\t\000\000\000\000"
D, [2010-08-27T18:55:44.998093 #3361] DEBUG -- : length <<< 12
D, [2010-08-27T18:55:44.998480 #3361] DEBUG -- : Type: REQ
D, [2010-08-27T18:55:44.998774 #3361] DEBUG -- : Cmd: grab_job
D, [2010-08-27T18:55:44.999116 #3361] DEBUG -- : Datalen: 0
D, [2010-08-27T18:55:44.999419 #3361] DEBUG -- : Data: 
D, [2010-08-27T18:55:44.999820 #3361] DEBUG -- : No job!
D, [2010-08-27T18:55:45.000186 #3361] DEBUG -- : response >>> "\000RES\000\000\000\n\000\000\000\000"
D, [2010-08-27T18:55:45.000768 #3361] DEBUG -- : receive <<< "\000REQ\000\000\000\004\000\000\000\000"
D, [2010-08-27T18:55:45.001127 #3361] DEBUG -- : length <<< 12
D, [2010-08-27T18:55:45.001521 #3361] DEBUG -- : Type: REQ
D, [2010-08-27T18:55:45.001813 #3361] DEBUG -- : Cmd: pre_sleep
D, [2010-08-27T18:55:45.002114 #3361] DEBUG -- : Datalen: 0
D, [2010-08-27T18:55:45.002424 #3361] DEBUG -- : Data: 
D, [2010-08-27T18:55:55.005926 #3361] DEBUG -- : receive <<< "\000REQ\000\000\000\t\000\000\000\000"
D, [2010-08-27T18:55:55.006352 #3361] DEBUG -- : length <<< 12
D, [2010-08-27T18:55:55.006759 #3361] DEBUG -- : Type: REQ
D, [2010-08-27T18:55:55.007072 #3361] DEBUG -- : Cmd: grab_job
D, [2010-08-27T18:55:55.007377 #3361] DEBUG -- : Datalen: 0
D, [2010-08-27T18:55:55.007678 #3361] DEBUG -- : Data: 
D, [2010-08-27T18:55:55.008109 #3361] DEBUG -- : No job!
D, [2010-08-27T18:55:55.008504 #3361] DEBUG -- : response >>> "\000RES\000\000\000\n\000\000\000\000"
D, [2010-08-27T18:55:55.009039 #3361] DEBUG -- : receive <<< "\000REQ\000\000\000\004\000\000\000\000"
D, [2010-08-27T18:55:55.009287 #3361] DEBUG -- : length <<< 12
D, [2010-08-27T18:55:55.009671 #3361] DEBUG -- : Type: REQ
D, [2010-08-27T18:55:55.009911 #3361] DEBUG -- : Cmd: pre_sleep
D, [2010-08-27T18:55:55.010182 #3361] DEBUG -- : Datalen: 0
D, [2010-08-27T18:55:55.010466 #3361] DEBUG -- : Data: 
D, [2010-08-27T18:56:05.014157 #3361] DEBUG -- : receive <<< "\000REQ\000\000\000\t\000\000\000\000"
D, [2010-08-27T18:56:05.014548 #3361] DEBUG -- : length <<< 12
D, [2010-08-27T18:56:05.015004 #3361] DEBUG -- : Type: REQ
D, [2010-08-27T18:56:05.015327 #3361] DEBUG -- : Cmd: grab_job
D, [2010-08-27T18:56:05.015641 #3361] DEBUG -- : Datalen: 0
D, [2010-08-27T18:56:05.015955 #3361] DEBUG -- : Data: 
D, [2010-08-27T18:56:05.016406 #3361] DEBUG -- : No job!
D, [2010-08-27T18:56:05.016795 #3361] DEBUG -- : response >>> "\000RES\000\000\000\n\000\000\000\000"
D, [2010-08-27T18:56:05.017358 #3361] DEBUG -- : receive <<< "\000REQ\000\000\000\004\000\000\000\000"
D, [2010-08-27T18:56:05.017724 #3361] DEBUG -- : length <<< 12
D, [2010-08-27T18:56:05.018130 #3361] DEBUG -- : Type: REQ
D, [2010-08-27T18:56:05.018446 #3361] DEBUG -- : Cmd: pre_sleep
D, [2010-08-27T18:56:05.018759 #3361] DEBUG -- : Datalen: 0
D, [2010-08-27T18:56:05.019060 #3361] DEBUG -- : Data: 
D, [2010-08-27T18:56:15.022489 #3361] DEBUG -- : receive <<< "\000REQ\000\000\000\t\000\000\000\000"
D, [2010-08-27T18:56:15.022856 #3361] DEBUG -- : length <<< 12
D, [2010-08-27T18:56:15.023291 #3361] DEBUG -- : Type: REQ
D, [2010-08-27T18:56:15.023547 #3361] DEBUG -- : Cmd: grab_job
D, [2010-08-27T18:56:15.023835 #3361] DEBUG -- : Datalen: 0
D, [2010-08-27T18:56:15.024082 #3361] DEBUG -- : Data: 
D, [2010-08-27T18:56:15.024413 #3361] DEBUG -- : No job!
D, [2010-08-27T18:56:15.024724 #3361] DEBUG -- : response >>> "\000RES\000\000\000\n\000\000\000\000"
D, [2010-08-27T18:56:15.025171 #3361] DEBUG -- : receive <<< "\000REQ\000\000\000\004\000\000\000\000"
D, [2010-08-27T18:56:15.025512 #3361] DEBUG -- : length <<< 12
D, [2010-08-27T18:56:15.025923 #3361] DEBUG -- : Type: REQ
D, [2010-08-27T18:56:15.026244 #3361] DEBUG -- : Cmd: pre_sleep
D, [2010-08-27T18:56:15.026571 #3361] DEBUG -- : Datalen: 0
D, [2010-08-27T18:56:15.026889 #3361] DEBUG -- : Data: 
D, [2010-08-27T18:56:25.030287 #3361] DEBUG -- : receive <<< "\000REQ\000\000\000\t\000\000\000\000"
D, [2010-08-27T18:56:25.030648 #3361] DEBUG -- : length <<< 12
D, [2010-08-27T18:56:25.031078 #3361] DEBUG -- : Type: REQ
D, [2010-08-27T18:56:25.031438 #3361] DEBUG -- : Cmd: grab_job
D, [2010-08-27T18:56:25.031752 #3361] DEBUG -- : Datalen: 0
D, [2010-08-27T18:56:25.032061 #3361] DEBUG -- : Data: 
D, [2010-08-27T18:56:25.032499 #3361] DEBUG -- : No job!
D, [2010-08-27T18:56:25.032900 #3361] DEBUG -- : response >>> "\000RES\000\000\000\n\000\000\000\000"
D, [2010-08-27T18:56:25.033514 #3361] DEBUG -- : receive <<< "\000REQ\000\000\000\004\000\000\000\000"
D, [2010-08-27T18:56:25.033854 #3361] DEBUG -- : length <<< 12
D, [2010-08-27T18:56:25.034273 #3361] DEBUG -- : Type: REQ
D, [2010-08-27T18:56:25.034589 #3361] DEBUG -- : Cmd: pre_sleep
D, [2010-08-27T18:56:25.034903 #3361] DEBUG -- : Datalen: 0
D, [2010-08-27T18:56:25.035226 #3361] DEBUG -- : Data: 
D, [2010-08-27T18:56:35.038601 #3361] DEBUG -- : receive <<< "\000REQ\000\000\000\t\000\000\000\000"
D, [2010-08-27T18:56:35.039028 #3361] DEBUG -- : length <<< 12
D, [2010-08-27T18:56:35.039436 #3361] DEBUG -- : Type: REQ
D, [2010-08-27T18:56:35.039743 #3361] DEBUG -- : Cmd: grab_job
D, [2010-08-27T18:56:35.040094 #3361] DEBUG -- : Datalen: 0
D, [2010-08-27T18:56:35.040401 #3361] DEBUG -- : Data: 
D, [2010-08-27T18:56:35.040812 #3361] DEBUG -- : No job!
D, [2010-08-27T18:56:35.041219 #3361] DEBUG -- : response >>> "\000RES\000\000\000\n\000\000\000\000"
D, [2010-08-27T18:56:35.041983 #3361] DEBUG -- : receive <<< "\000REQ\000\000\000\004\000\000\000\000"
D, [2010-08-27T18:56:35.042331 #3361] DEBUG -- : length <<< 12
D, [2010-08-27T18:56:35.042738 #3361] DEBUG -- : Type: REQ
D, [2010-08-27T18:56:35.043054 #3361] DEBUG -- : Cmd: pre_sleep
D, [2010-08-27T18:56:35.043362 #3361] DEBUG -- : Datalen: 0
D, [2010-08-27T18:56:35.043665 #3361] DEBUG -- : Data: 
D, [2010-08-27T18:56:45.046951 #3361] DEBUG -- : receive <<< "\000REQ\000\000\000\t\000\000\000\000"
D, [2010-08-27T18:56:45.047297 #3361] DEBUG -- : length <<< 12
D, [2010-08-27T18:56:45.047778 #3361] DEBUG -- : Type: REQ
D, [2010-08-27T18:56:45.048103 #3361] DEBUG -- : Cmd: grab_job
D, [2010-08-27T18:56:45.048421 #3361] DEBUG -- : Datalen: 0
D, [2010-08-27T18:56:45.048742 #3361] DEBUG -- : Data: 
D, [2010-08-27T18:56:45.049177 #3361] DEBUG -- : No job!
D, [2010-08-27T18:56:45.049577 #3361] DEBUG -- : response >>> "\000RES\000\000\000\n\000\000\000\000"
D, [2010-08-27T18:56:45.050070 #3361] DEBUG -- : receive <<< "\000REQ\000\000\000\004\000\000\000\000"
D, [2010-08-27T18:56:45.050345 #3361] DEBUG -- : length <<< 12
D, [2010-08-27T18:56:45.050669 #3361] DEBUG -- : Type: REQ
D, [2010-08-27T18:56:45.050918 #3361] DEBUG -- : Cmd: pre_sleep
D, [2010-08-27T18:56:45.051213 #3361] DEBUG -- : Datalen: 0
D, [2010-08-27T18:56:45.051507 #3361] DEBUG -- : Data: 
D, [2010-08-27T18:56:55.055236 #3361] DEBUG -- : receive <<< "\000REQ\000\000\000\t\000\000\000\000"
D, [2010-08-27T18:56:55.055664 #3361] DEBUG -- : length <<< 12
D, [2010-08-27T18:56:55.056123 #3361] DEBUG -- : Type: REQ
D, [2010-08-27T18:56:55.056383 #3361] DEBUG -- : Cmd: grab_job
D, [2010-08-27T18:56:55.056704 #3361] DEBUG -- : Datalen: 0
D, [2010-08-27T18:56:55.057018 #3361] DEBUG -- : Data: 
D, [2010-08-27T18:56:55.057454 #3361] DEBUG -- : No job!
D, [2010-08-27T18:56:55.057867 #3361] DEBUG -- : response >>> "\000RES\000\000\000\n\000\000\000\000"
D, [2010-08-27T18:56:55.058433 #3361] DEBUG -- : receive <<< "\000REQ\000\000\000\004\000\000\000\000"
D, [2010-08-27T18:56:55.058761 #3361] DEBUG -- : length <<< 12
D, [2010-08-27T18:56:55.059164 #3361] DEBUG -- : Type: REQ
D, [2010-08-27T18:56:55.059493 #3361] DEBUG -- : Cmd: pre_sleep
D, [2010-08-27T18:56:55.059813 #3361] DEBUG -- : Datalen: 0
D, [2010-08-27T18:56:55.060126 #3361] DEBUG -- : Data: 
D, [2010-08-27T18:57:05.064769 #3361] DEBUG -- : receive <<< "\000REQ\000\000\000\t\000\000\000\000"
D, [2010-08-27T18:57:05.065250 #3361] DEBUG -- : length <<< 12
D, [2010-08-27T18:57:05.065874 #3361] DEBUG -- : Type: REQ
D, [2010-08-27T18:57:05.066245 #3361] DEBUG -- : Cmd: grab_job
D, [2010-08-27T18:57:05.066574 #3361] DEBUG -- : Datalen: 0
D, [2010-08-27T18:57:05.066901 #3361] DEBUG -- : Data: 
D, [2010-08-27T18:57:05.067398 #3361] DEBUG -- : No job!
D, [2010-08-27T18:57:05.067851 #3361] DEBUG -- : response >>> "\000RES\000\000\000\n\000\000\000\000"
D, [2010-08-27T18:57:05.068601 #3361] DEBUG -- : receive <<< "\000REQ\000\000\000\004\000\000\000\000"
D, [2010-08-27T18:57:05.068963 #3361] DEBUG -- : length <<< 12
D, [2010-08-27T18:57:05.069525 #3361] DEBUG -- : Type: REQ
D, [2010-08-27T18:57:05.069995 #3361] DEBUG -- : Cmd: pre_sleep
D, [2010-08-27T18:57:05.070400 #3361] DEBUG -- : Datalen: 0
D, [2010-08-27T18:57:05.070798 #3361] DEBUG -- : Data: 
D, [2010-08-27T18:57:15.074282 #3361] DEBUG -- : receive <<< "\000REQ\000\000\000\t\000\000\000\000"
D, [2010-08-27T18:57:15.095689 #3361] DEBUG -- : length <<< 12
D, [2010-08-27T18:57:15.096159 #3361] DEBUG -- : Type: REQ
D, [2010-08-27T18:57:15.096473 #3361] DEBUG -- : Cmd: grab_job
D, [2010-08-27T18:57:15.096712 #3361] DEBUG -- : Datalen: 0
D, [2010-08-27T18:57:15.097000 #3361] DEBUG -- : Data: 
D, [2010-08-27T18:57:15.097396 #3361] DEBUG -- : No job!
D, [2010-08-27T18:57:15.097730 #3361] DEBUG -- : response >>> "\000RES\000\000\000\n\000\000\000\000"
D, [2010-08-27T18:57:15.098284 #3361] DEBUG -- : receive <<< "\000REQ\000\000\000\004\000\000\000\000"
D, [2010-08-27T18:57:15.098534 #3361] DEBUG -- : length <<< 12
D, [2010-08-27T18:57:15.098905 #3361] DEBUG -- : Type: REQ
D, [2010-08-27T18:57:15.099146 #3361] DEBUG -- : Cmd: pre_sleep
D, [2010-08-27T18:57:15.099472 #3361] DEBUG -- : Datalen: 0
D, [2010-08-27T18:57:15.099771 #3361] DEBUG -- : Data: 
D, [2010-08-27T18:57:25.103437 #3361] DEBUG -- : receive <<< "\000REQ\000\000\000\t\000\000\000\000"
D, [2010-08-27T18:57:25.103800 #3361] DEBUG -- : length <<< 12
D, [2010-08-27T18:57:25.104175 #3361] DEBUG -- : Type: REQ
D, [2010-08-27T18:57:25.104489 #3361] DEBUG -- : Cmd: grab_job
D, [2010-08-27T18:57:25.104839 #3361] DEBUG -- : Datalen: 0
D, [2010-08-27T18:57:25.105137 #3361] DEBUG -- : Data: 
D, [2010-08-27T18:57:25.105464 #3361] DEBUG -- : No job!
D, [2010-08-27T18:57:25.105780 #3361] DEBUG -- : response >>> "\000RES\000\000\000\n\000\000\000\000"
D, [2010-08-27T18:57:25.106221 #3361] DEBUG -- : receive <<< "\000REQ\000\000\000\004\000\000\000\000"
D, [2010-08-27T18:57:25.106465 #3361] DEBUG -- : length <<< 12
D, [2010-08-27T18:57:25.106837 #3361] DEBUG -- : Type: REQ
D, [2010-08-27T18:57:25.107084 #3361] DEBUG -- : Cmd: pre_sleep
D, [2010-08-27T18:57:25.107357 #3361] DEBUG -- : Datalen: 0
D, [2010-08-27T18:57:25.107628 #3361] DEBUG -- : Data: 
D, [2010-08-27T18:57:35.111421 #3361] DEBUG -- : receive <<< "\000REQ\000\000\000\t\000\000\000\000"
D, [2010-08-27T18:57:35.111855 #3361] DEBUG -- : length <<< 12
D, [2010-08-27T18:57:35.112279 #3361] DEBUG -- : Type: REQ
D, [2010-08-27T18:57:35.112600 #3361] DEBUG -- : Cmd: grab_job
D, [2010-08-27T18:57:35.112915 #3361] DEBUG -- : Datalen: 0
D, [2010-08-27T18:57:35.113243 #3361] DEBUG -- : Data: 
D, [2010-08-27T18:57:35.113682 #3361] DEBUG -- : No job!
D, [2010-08-27T18:57:35.114083 #3361] DEBUG -- : response >>> "\000RES\000\000\000\n\000\000\000\000"
D, [2010-08-27T18:57:35.114638 #3361] DEBUG -- : receive <<< "\000REQ\000\000\000\004\000\000\000\000"
D, [2010-08-27T18:57:35.114920 #3361] DEBUG -- : length <<< 12
D, [2010-08-27T18:57:35.115324 #3361] DEBUG -- : Type: REQ
D, [2010-08-27T18:57:35.115695 #3361] DEBUG -- : Cmd: pre_sleep
D, [2010-08-27T18:57:35.116017 #3361] DEBUG -- : Datalen: 0
D, [2010-08-27T18:57:35.116329 #3361] DEBUG -- : Data: 
D, [2010-08-27T18:57:45.119789 #3361] DEBUG -- : receive <<< "\000REQ\000\000\000\t\000\000\000\000"
D, [2010-08-27T18:57:45.120251 #3361] DEBUG -- : length <<< 12
D, [2010-08-27T18:57:45.120657 #3361] DEBUG -- : Type: REQ
D, [2010-08-27T18:57:45.120931 #3361] DEBUG -- : Cmd: grab_job
D, [2010-08-27T18:57:45.121218 #3361] DEBUG -- : Datalen: 0
D, [2010-08-27T18:57:45.121511 #3361] DEBUG -- : Data: 
D, [2010-08-27T18:57:45.121909 #3361] DEBUG -- : No job!
D, [2010-08-27T18:57:45.122318 #3361] DEBUG -- : response >>> "\000RES\000\000\000\n\000\000\000\000"
D, [2010-08-27T18:57:45.122945 #3361] DEBUG -- : receive <<< "\000REQ\000\000\000\004\000\000\000\000"
D, [2010-08-27T18:57:45.123303 #3361] DEBUG -- : length <<< 12
D, [2010-08-27T18:57:45.123720 #3361] DEBUG -- : Type: REQ
D, [2010-08-27T18:57:45.124041 #3361] DEBUG -- : Cmd: pre_sleep
D, [2010-08-27T18:57:45.124350 #3361] DEBUG -- : Datalen: 0
D, [2010-08-27T18:57:45.124660 #3361] DEBUG -- : Data: 
D, [2010-08-27T18:57:55.128089 #3361] DEBUG -- : receive <<< "\000REQ\000\000\000\t\000\000\000\000"
D, [2010-08-27T18:57:55.128466 #3361] DEBUG -- : length <<< 12
D, [2010-08-27T18:57:55.128917 #3361] DEBUG -- : Type: REQ
D, [2010-08-27T18:57:55.129225 #3361] DEBUG -- : Cmd: grab_job
D, [2010-08-27T18:57:55.129519 #3361] DEBUG -- : Datalen: 0
D, [2010-08-27T18:57:55.129813 #3361] DEBUG -- : Data: 
D, [2010-08-27T18:57:55.130180 #3361] DEBUG -- : No job!
D, [2010-08-27T18:57:55.130506 #3361] DEBUG -- : response >>> "\000RES\000\000\000\n\000\000\000\000"
D, [2010-08-27T18:57:55.130978 #3361] DEBUG -- : receive <<< "\000REQ\000\000\000\004\000\000\000\000"
D, [2010-08-27T18:57:55.131262 #3361] DEBUG -- : length <<< 12
D, [2010-08-27T18:57:55.131608 #3361] DEBUG -- : Type: REQ
D, [2010-08-27T18:57:55.131872 #3361] DEBUG -- : Cmd: pre_sleep
D, [2010-08-27T18:57:55.132143 #3361] DEBUG -- : Datalen: 0
D, [2010-08-27T18:57:55.132402 #3361] DEBUG -- : Data: 
D, [2010-08-27T18:58:05.136106 #3361] DEBUG -- : receive <<< "\000REQ\000\000\000\t\000\000\000\000"
D, [2010-08-27T18:58:05.136513 #3361] DEBUG -- : length <<< 12
D, [2010-08-27T18:58:05.136904 #3361] DEBUG -- : Type: REQ
D, [2010-08-27T18:58:05.137245 #3361] DEBUG -- : Cmd: grab_job
D, [2010-08-27T18:58:05.137534 #3361] DEBUG -- : Datalen: 0
D, [2010-08-27T18:58:05.137817 #3361] DEBUG -- : Data: 
D, [2010-08-27T18:58:05.138212 #3361] DEBUG -- : No job!
D, [2010-08-27T18:58:05.138571 #3361] DEBUG -- : response >>> "\000RES\000\000\000\n\000\000\000\000"
D, [2010-08-27T18:58:05.139071 #3361] DEBUG -- : receive <<< "\000REQ\000\000\000\004\000\000\000\000"
D, [2010-08-27T18:58:05.139328 #3361] DEBUG -- : length <<< 12
D, [2010-08-27T18:58:05.139653 #3361] DEBUG -- : Type: REQ
D, [2010-08-27T18:58:05.139917 #3361] DEBUG -- : Cmd: pre_sleep
D, [2010-08-27T18:58:05.140164 #3361] DEBUG -- : Datalen: 0
D, [2010-08-27T18:58:05.140418 #3361] DEBUG -- : Data: 
D, [2010-08-27T18:58:15.144286 #3361] DEBUG -- : receive <<< "\000REQ\000\000\000\t\000\000\000\000"
D, [2010-08-27T18:58:15.144697 #3361] DEBUG -- : length <<< 12
D, [2010-08-27T18:58:15.145068 #3361] DEBUG -- : Type: REQ
D, [2010-08-27T18:58:15.145355 #3361] DEBUG -- : Cmd: grab_job
D, [2010-08-27T18:58:15.145685 #3361] DEBUG -- : Datalen: 0
D, [2010-08-27T18:58:15.145965 #3361] DEBUG -- : Data: 
D, [2010-08-27T18:58:15.146352 #3361] DEBUG -- : No job!
D, [2010-08-27T18:58:15.146711 #3361] DEBUG -- : response >>> "\000RES\000\000\000\n\000\000\000\000"
D, [2010-08-27T18:58:15.147533 #3361] DEBUG -- : receive <<< "\000REQ\000\000\000\004\000\000\000\000"
D, [2010-08-27T18:58:15.147918 #3361] DEBUG -- : length <<< 12
D, [2010-08-27T18:58:15.148305 #3361] DEBUG -- : Type: REQ
D, [2010-08-27T18:58:15.148600 #3361] DEBUG -- : Cmd: pre_sleep
D, [2010-08-27T18:58:15.148920 #3361] DEBUG -- : Datalen: 0
D, [2010-08-27T18:58:15.149254 #3361] DEBUG -- : Data: 
D, [2010-08-27T18:58:25.152685 #3361] DEBUG -- : receive <<< "\000REQ\000\000\000\t\000\000\000\000"
D, [2010-08-27T18:58:25.153131 #3361] DEBUG -- : length <<< 12
D, [2010-08-27T18:58:25.153525 #3361] DEBUG -- : Type: REQ
D, [2010-08-27T18:58:25.153828 #3361] DEBUG -- : Cmd: grab_job
D, [2010-08-27T18:58:25.154132 #3361] DEBUG -- : Datalen: 0
D, [2010-08-27T18:58:25.154484 #3361] DEBUG -- : Data: 
D, [2010-08-27T18:58:25.154902 #3361] DEBUG -- : No job!
D, [2010-08-27T18:58:25.155241 #3361] DEBUG -- : response >>> "\000RES\000\000\000\n\000\000\000\000"
D, [2010-08-27T18:58:25.155889 #3361] DEBUG -- : receive <<< "\000REQ\000\000\000\004\000\000\000\000"
D, [2010-08-27T18:58:25.156233 #3361] DEBUG -- : length <<< 12
D, [2010-08-27T18:58:25.156644 #3361] DEBUG -- : Type: REQ
D, [2010-08-27T18:58:25.156970 #3361] DEBUG -- : Cmd: pre_sleep
D, [2010-08-27T18:58:25.157282 #3361] DEBUG -- : Datalen: 0
D, [2010-08-27T18:58:25.157589 #3361] DEBUG -- : Data: 
D, [2010-08-27T18:58:28.042519 #3361] DEBUG -- : -- someone disconnected from regearmand!
I, [2010-08-28T22:09:57.042214 #1581]  INFO -- : Connection from someone...
I, [2010-08-28T22:10:21.800967 #1602]  INFO -- : Connection from someone...
D, [2010-08-28T22:10:21.801188 #1602] DEBUG -- : Type: REQ
D, [2010-08-28T22:10:21.801239 #1602] DEBUG -- : Cmd: echo_req
D, [2010-08-28T22:10:21.801293 #1602] DEBUG -- : Datalen: 5
D, [2010-08-28T22:10:21.801336 #1602] DEBUG -- : Data: hello
I, [2010-08-28T22:10:55.232723 #1626]  INFO -- : Connection from someone...
D, [2010-08-28T22:10:55.232954 #1626] DEBUG -- : Type: REQ
D, [2010-08-28T22:10:55.233007 #1626] DEBUG -- : Cmd: echo_req
D, [2010-08-28T22:10:55.233050 #1626] DEBUG -- : Datalen: 5
D, [2010-08-28T22:10:55.233104 #1626] DEBUG -- : Data: hello
I, [2010-08-28T22:13:09.376954 #1656]  INFO -- : Connection from someone...
D, [2010-08-28T22:13:09.377249 #1656] DEBUG -- : Type: REQ
D, [2010-08-28T22:13:09.377313 #1656] DEBUG -- : Cmd: echo_req
D, [2010-08-28T22:13:09.377369 #1656] DEBUG -- : Datalen: 5
D, [2010-08-28T22:13:09.377413 #1656] DEBUG -- : Data: hello
D, [2010-08-28T22:13:09.377521 #1656] DEBUG -- : Type: REQ
D, [2010-08-28T22:13:09.377574 #1656] DEBUG -- : Cmd: echo_req
D, [2010-08-28T22:13:09.377614 #1656] DEBUG -- : Datalen: 5
D, [2010-08-28T22:13:09.377653 #1656] DEBUG -- : Data: hello
D, [2010-08-28T22:13:09.377704 #1656] DEBUG -- : Type: REQ
D, [2010-08-28T22:13:09.377746 #1656] DEBUG -- : Cmd: echo_req
D, [2010-08-28T22:13:09.377796 #1656] DEBUG -- : Datalen: 5
D, [2010-08-28T22:13:09.377833 #1656] DEBUG -- : Data: hello
